<?xml version="1.0" encoding="UTF-8"?>
<!-- Generated by org.testng.reporters.JUnitReportReporter -->
<testsuite hostname="nibo" failures="0" tests="1" name="tests.LoginPageTest" time="3.072" errors="0" timestamp="2024-07-16T23:18:53 EDT" skipped="0">
  <testcase classname="tests.LoginPageTest" name="loginTest" time="3.072"/>
</testsuite> <!-- tests.LoginPageTest -->
